<?xml version="1.0" encoding="utf-8" standalone="no"?>
<test-results xmlns:xsi="http://www.w3.org/2001/XMLSchema-instance" xsi:noNamespaceSchemaLocation="nunit_schema_2.5.xsd" name="Pester" total="86" errors="0" failures="0" not-run="0" inconclusive="0" ignored="0" skipped="5" invalid="0" date="2026-04-25" time="13:00:02">
  <environment user-domain="" cwd="/home/skills/source/PwshXDRSpectre" nunit-version="2.5.8.0" platform="Linux" user="skills" clr-version="10.0.6" machine-name="oneup" os-version="6.12.75+rpt-rpi-2712" />
  <culture-info current-culture="en-US" current-uiculture="en-US" />
  <test-suite type="TestFixture" name="Pester" executed="True" result="Ignored" success="True" time="23.8568" asserts="0" description="Pester">
    <results>
      <test-suite type="TestFixture" name="/home/skills/source/PwshXDRSpectre/src/Tests/Add-XdrLiveAlertPreloads.Tests.ps1" executed="True" result="Success" success="True" time="2.2062" asserts="0" description="/home/skills/source/PwshXDRSpectre/src/Tests/Add-XdrLiveAlertPreloads.Tests.ps1">
        <results>
          <test-suite type="TestFixture" name="Add-XdrLiveAlertPreloads" executed="True" result="Success" success="True" time="0.7073" asserts="0" description="Add-XdrLiveAlertPreloads">
            <results>
              <test-case description="queues only incidents that are neither cached nor loading" name="Add-XdrLiveAlertPreloads.queues only incidents that are neither cached nor loading" time="0.5745" asserts="0" success="True" result="Success" executed="True" />
            </results>
          </test-suite>
        </results>
      </test-suite>
      <test-suite type="TestFixture" name="/home/skills/source/PwshXDRSpectre/src/Tests/Connect-XdrSession.Tests.ps1" executed="True" result="Success" success="True" time="2.0384" asserts="0" description="/home/skills/source/PwshXDRSpectre/src/Tests/Connect-XdrSession.Tests.ps1">
        <results>
          <test-suite type="TestFixture" name="Connect-XdrSession" executed="True" result="Success" success="True" time="1.9027" asserts="0" description="Connect-XdrSession">
            <results>
              <test-suite type="TestFixture" name="Connect-XdrSession.comment-based help" executed="True" result="Success" success="True" time="1.888" asserts="0" description="Connect-XdrSession.comment-based help">
                <results>
                  <test-case description="has a Synopsis" name="Connect-XdrSession.comment-based help.has a Synopsis" time="0.0934" asserts="0" success="True" result="Success" executed="True" />
                  <test-case description="has a Description" name="Connect-XdrSession.comment-based help.has a Description" time="0.0583" asserts="0" success="True" result="Success" executed="True" />
                </results>
              </test-suite>
              <test-case description="keeps write mode when SecurityIncident.ReadWrite.All is present" name="Connect-XdrSession.keeps write mode when SecurityIncident.ReadWrite.All is present" time="1.4223" asserts="0" success="True" result="Success" executed="True" />
              <test-case description="switches to read-only mode when SecurityIncident.ReadWrite.All is missing" name="Connect-XdrSession.switches to read-only mode when SecurityIncident.ReadWrite.All is missing" time="0.282" asserts="0" success="True" result="Success" executed="True" />
            </results>
          </test-suite>
        </results>
      </test-suite>
      <test-suite type="TestFixture" name="/home/skills/source/PwshXDRSpectre/src/Tests/ConvertTo-SafePanelData.Tests.ps1" executed="True" result="Success" success="True" time="0.7679" asserts="0" description="/home/skills/source/PwshXDRSpectre/src/Tests/ConvertTo-SafePanelData.Tests.ps1">
        <results>
          <test-suite type="TestFixture" name="ConvertTo-SafePanelData" executed="True" result="Success" success="True" time="0.5933" asserts="0" description="ConvertTo-SafePanelData">
            <results>
              <test-case description="returns a single space for empty input" name="ConvertTo-SafePanelData.returns a single space for empty input" time="0.0426" asserts="0" success="True" result="Success" executed="True" />
              <test-case description="escapes non-empty text" name="ConvertTo-SafePanelData.escapes non-empty text" time="0.4999" asserts="0" success="True" result="Success" executed="True" />
            </results>
          </test-suite>
        </results>
      </test-suite>
      <test-suite type="TestFixture" name="/home/skills/source/PwshXDRSpectre/src/Tests/ConvertTo-SafeSpectreText.Tests.ps1" executed="True" result="Success" success="True" time="0.3966" asserts="0" description="/home/skills/source/PwshXDRSpectre/src/Tests/ConvertTo-SafeSpectreText.Tests.ps1">
        <results>
          <test-suite type="TestFixture" name="ConvertTo-SafeSpectreText" executed="True" result="Success" success="True" time="0.2298" asserts="0" description="ConvertTo-SafeSpectreText">
            <results>
              <test-case description="returns empty for null" name="ConvertTo-SafeSpectreText.returns empty for null" time="0.0994" asserts="0" success="True" result="Success" executed="True" />
              <test-case description="escapes non-empty text" name="ConvertTo-SafeSpectreText.escapes non-empty text" time="0.0916" asserts="0" success="True" result="Success" executed="True" />
            </results>
          </test-suite>
        </results>
      </test-suite>
      <test-suite type="TestFixture" name="/home/skills/source/PwshXDRSpectre/src/Tests/ConvertTo-XdrAlertViewModel.Tests.ps1" executed="True" result="Success" success="True" time="0.3829" asserts="0" description="/home/skills/source/PwshXDRSpectre/src/Tests/ConvertTo-XdrAlertViewModel.Tests.ps1">
        <results>
          <test-suite type="TestFixture" name="ConvertTo-XdrAlertViewModel" executed="True" result="Success" success="True" time="0.2101" asserts="0" description="ConvertTo-XdrAlertViewModel">
            <results>
              <test-case description="maps important alert fields" name="ConvertTo-XdrAlertViewModel.maps important alert fields" time="0.1625" asserts="0" success="True" result="Success" executed="True" />
            </results>
          </test-suite>
        </results>
      </test-suite>
      <test-suite type="TestFixture" name="/home/skills/source/PwshXDRSpectre/src/Tests/ConvertTo-XdrIncidentViewModel.Tests.ps1" executed="True" result="Success" success="True" time="0.3265" asserts="0" description="/home/skills/source/PwshXDRSpectre/src/Tests/ConvertTo-XdrIncidentViewModel.Tests.ps1">
        <results>
          <test-suite type="TestFixture" name="ConvertTo-XdrIncidentViewModel" executed="True" result="Success" success="True" time="0.1827" asserts="0" description="ConvertTo-XdrIncidentViewModel">
            <results>
              <test-case description="maps important incident fields" name="ConvertTo-XdrIncidentViewModel.maps important incident fields" time="0.1607" asserts="0" success="True" result="Success" executed="True" />
            </results>
          </test-suite>
        </results>
      </test-suite>
      <test-suite type="TestFixture" name="/home/skills/source/PwshXDRSpectre/src/Tests/Format-XdrIncidentTable.Tests.ps1" executed="True" result="Ignored" success="True" time="0.1049" asserts="0" description="/home/skills/source/PwshXDRSpectre/src/Tests/Format-XdrIncidentTable.Tests.ps1">
        <results>
          <test-suite type="TestFixture" name="Format-XdrIncidentTable" executed="True" result="Ignored" success="True" time="0.0448" asserts="0" description="Format-XdrIncidentTable">
            <results>
              <test-case description="has dedicated coverage placeholder" name="Format-XdrIncidentTable.has dedicated coverage placeholder" time="0.0344" asserts="0" success="False" result="Ignored" executed="False" />
            </results>
          </test-suite>
        </results>
      </test-suite>
      <test-suite type="TestFixture" name="/home/skills/source/PwshXDRSpectre/src/Tests/Get-ContextAwareHelpLines.Tests.ps1" executed="True" result="Success" success="True" time="0.2204" asserts="0" description="/home/skills/source/PwshXDRSpectre/src/Tests/Get-ContextAwareHelpLines.Tests.ps1">
        <results>
          <test-suite type="TestFixture" name="Get-ContextAwareHelpLines" executed="True" result="Success" success="True" time="0.0916" asserts="0" description="Get-ContextAwareHelpLines">
            <results>
              <test-case description="returns resolution-mode guidance when pending resolution exists" name="Get-ContextAwareHelpLines.returns resolution-mode guidance when pending resolution exists" time="0.0464" asserts="0" success="True" result="Success" executed="True" />
              <test-case description="returns panel-specific help for alerts panel" name="Get-ContextAwareHelpLines.returns panel-specific help for alerts panel" time="0.0256" asserts="0" success="True" result="Success" executed="True" />
            </results>
          </test-suite>
        </results>
      </test-suite>
      <test-suite type="TestFixture" name="/home/skills/source/PwshXDRSpectre/src/Tests/Get-PanelBorderColor.Tests.ps1" executed="True" result="Success" success="True" time="0.1644" asserts="0" description="/home/skills/source/PwshXDRSpectre/src/Tests/Get-PanelBorderColor.Tests.ps1">
        <results>
          <test-suite type="TestFixture" name="Get-PanelBorderColor" executed="True" result="Success" success="True" time="0.0634" asserts="0" description="Get-PanelBorderColor">
            <results>
              <test-case description="returns accent for active panel" name="Get-PanelBorderColor.returns accent for active panel" time="0.0317" asserts="0" success="True" result="Success" executed="True" />
              <test-case description="returns base color for inactive panel" name="Get-PanelBorderColor.returns base color for inactive panel" time="0.0196" asserts="0" success="True" result="Success" executed="True" />
            </results>
          </test-suite>
        </results>
      </test-suite>
      <test-suite type="TestFixture" name="/home/skills/source/PwshXDRSpectre/src/Tests/Get-PanelHeaderMarkup.Tests.ps1" executed="True" result="Success" success="True" time="0.234" asserts="0" description="/home/skills/source/PwshXDRSpectre/src/Tests/Get-PanelHeaderMarkup.Tests.ps1">
        <results>
          <test-suite type="TestFixture" name="Get-PanelHeaderMarkup" executed="True" result="Success" success="True" time="0.1012" asserts="0" description="Get-PanelHeaderMarkup">
            <results>
              <test-case description="renders active header markup with ACTIVE badge" name="Get-PanelHeaderMarkup.renders active header markup with ACTIVE badge" time="0.0426" asserts="0" success="True" result="Success" executed="True" />
              <test-case description="renders inactive header markup in white" name="Get-PanelHeaderMarkup.renders inactive header markup in white" time="0.0398" asserts="0" success="True" result="Success" executed="True" />
            </results>
          </test-suite>
        </results>
      </test-suite>
      <test-suite type="TestFixture" name="/home/skills/source/PwshXDRSpectre/src/Tests/Get-XdrActionDisableReasons.Tests.ps1" executed="True" result="Success" success="True" time="0.3741" asserts="0" description="/home/skills/source/PwshXDRSpectre/src/Tests/Get-XdrActionDisableReasons.Tests.ps1">
        <results>
          <test-suite type="TestFixture" name="Get-XdrActionDisableReasons" executed="True" result="Success" success="True" time="0.2605" asserts="0" description="Get-XdrActionDisableReasons">
            <results>
              <test-case description="returns deterministic disable reasons" name="Get-XdrActionDisableReasons.returns deterministic disable reasons" time="0.2398" asserts="0" success="True" result="Success" executed="True" />
            </results>
          </test-suite>
        </results>
      </test-suite>
      <test-suite type="TestFixture" name="/home/skills/source/PwshXDRSpectre/src/Tests/Get-XdrActionSafetyPolicy.Tests.ps1" executed="True" result="Ignored" success="True" time="0.0867" asserts="0" description="/home/skills/source/PwshXDRSpectre/src/Tests/Get-XdrActionSafetyPolicy.Tests.ps1">
        <results>
          <test-suite type="TestFixture" name="Get-XdrActionSafetyPolicy" executed="True" result="Ignored" success="True" time="0.0298" asserts="0" description="Get-XdrActionSafetyPolicy">
            <results>
              <test-case description="has dedicated coverage placeholder" name="Get-XdrActionSafetyPolicy.has dedicated coverage placeholder" time="0.0161" asserts="0" success="False" result="Ignored" executed="False" />
            </results>
          </test-suite>
        </results>
      </test-suite>
      <test-suite type="TestFixture" name="/home/skills/source/PwshXDRSpectre/src/Tests/Get-XdrAlerts.Tests.ps1" executed="True" result="Success" success="True" time="0.2625" asserts="0" description="/home/skills/source/PwshXDRSpectre/src/Tests/Get-XdrAlerts.Tests.ps1">
        <results>
          <test-suite type="TestFixture" name="Get-XdrAlerts" executed="True" result="Success" success="True" time="0.1698" asserts="0" description="Get-XdrAlerts">
            <results>
              <test-suite type="TestFixture" name="Get-XdrAlerts.comment-based help" executed="True" result="Success" success="True" time="0.1586" asserts="0" description="Get-XdrAlerts.comment-based help">
                <results>
                  <test-case description="has a Synopsis" name="Get-XdrAlerts.comment-based help.has a Synopsis" time="0.069" asserts="0" success="True" result="Success" executed="True" />
                  <test-case description="has a Description" name="Get-XdrAlerts.comment-based help.has a Description" time="0.0769" asserts="0" success="True" result="Success" executed="True" />
                </results>
              </test-suite>
            </results>
          </test-suite>
        </results>
      </test-suite>
      <test-suite type="TestFixture" name="/home/skills/source/PwshXDRSpectre/src/Tests/Get-XdrAssignTargetIdentity.Tests.ps1" executed="True" result="Success" success="True" time="0.2644" asserts="0" description="/home/skills/source/PwshXDRSpectre/src/Tests/Get-XdrAssignTargetIdentity.Tests.ps1">
        <results>
          <test-suite type="TestFixture" name="Get-XdrAssignTargetIdentity" executed="True" result="Success" success="True" time="0.1282" asserts="0" description="Get-XdrAssignTargetIdentity">
            <results>
              <test-case description="prefers mail over user principal name for assign target identity" name="Get-XdrAssignTargetIdentity.prefers mail over user principal name for assign target identity" time="0.0489" asserts="0" success="True" result="Success" executed="True" />
              <test-case description="falls back to user principal name when mail is empty" name="Get-XdrAssignTargetIdentity.falls back to user principal name when mail is empty" time="0.0366" asserts="0" success="True" result="Success" executed="True" />
            </results>
          </test-suite>
        </results>
      </test-suite>
      <test-suite type="TestFixture" name="/home/skills/source/PwshXDRSpectre/src/Tests/Get-XdrCurrentUser.Tests.ps1" executed="True" result="Ignored" success="True" time="0.0866" asserts="0" description="/home/skills/source/PwshXDRSpectre/src/Tests/Get-XdrCurrentUser.Tests.ps1">
        <results>
          <test-suite type="TestFixture" name="Get-XdrCurrentUser" executed="True" result="Ignored" success="True" time="0.0355" asserts="0" description="Get-XdrCurrentUser">
            <results>
              <test-case description="has dedicated coverage placeholder" name="Get-XdrCurrentUser.has dedicated coverage placeholder" time="0.0129" asserts="0" success="False" result="Ignored" executed="False" />
            </results>
          </test-suite>
        </results>
      </test-suite>
      <test-suite type="TestFixture" name="/home/skills/source/PwshXDRSpectre/src/Tests/Get-XdrIncidents.Tests.ps1" executed="True" result="Success" success="True" time="0.3843" asserts="0" description="/home/skills/source/PwshXDRSpectre/src/Tests/Get-XdrIncidents.Tests.ps1">
        <results>
          <test-suite type="TestFixture" name="Get-XdrIncidents" executed="True" result="Success" success="True" time="0.2325" asserts="0" description="Get-XdrIncidents">
            <results>
              <test-suite type="TestFixture" name="Get-XdrIncidents.comment-based help" executed="True" result="Success" success="True" time="0.1982" asserts="0" description="Get-XdrIncidents.comment-based help">
                <results>
                  <test-case description="has a Synopsis" name="Get-XdrIncidents.comment-based help.has a Synopsis" time="0.0946" asserts="0" success="True" result="Success" executed="True" />
                  <test-case description="has a Description" name="Get-XdrIncidents.comment-based help.has a Description" time="0.0712" asserts="0" success="True" result="Success" executed="True" />
                </results>
              </test-suite>
            </results>
          </test-suite>
        </results>
      </test-suite>
      <test-suite type="TestFixture" name="/home/skills/source/PwshXDRSpectre/src/Tests/Get-XdrLastKeyPressed.Tests.ps1" executed="True" result="Ignored" success="True" time="0.1774" asserts="0" description="/home/skills/source/PwshXDRSpectre/src/Tests/Get-XdrLastKeyPressed.Tests.ps1">
        <results>
          <test-suite type="TestFixture" name="Get-XdrLastKeyPressed" executed="True" result="Ignored" success="True" time="0.08" asserts="0" description="Get-XdrLastKeyPressed">
            <results>
              <test-case description="has dedicated coverage placeholder" name="Get-XdrLastKeyPressed.has dedicated coverage placeholder" time="0.0479" asserts="0" success="False" result="Ignored" executed="False" />
            </results>
          </test-suite>
        </results>
      </test-suite>
      <test-suite type="TestFixture" name="/home/skills/source/PwshXDRSpectre/src/Tests/Get-XdrLiveAlertPrefetchIndicator.Tests.ps1" executed="True" result="Success" success="True" time="0.2636" asserts="0" description="/home/skills/source/PwshXDRSpectre/src/Tests/Get-XdrLiveAlertPrefetchIndicator.Tests.ps1">
        <results>
          <test-suite type="TestFixture" name="Get-XdrLiveAlertPrefetchIndicator" executed="True" result="Success" success="True" time="0.0979" asserts="0" description="Get-XdrLiveAlertPrefetchIndicator">
            <results>
              <test-case description="returns progress line while prefetch is in progress" name="Get-XdrLiveAlertPrefetchIndicator.returns progress line while prefetch is in progress" time="0.0822" asserts="0" success="True" result="Success" executed="True" />
            </results>
          </test-suite>
        </results>
      </test-suite>
      <test-suite type="TestFixture" name="/home/skills/source/PwshXDRSpectre/src/Tests/Get-XdrLiveHeaderPanel.Tests.ps1" executed="True" result="Success" success="True" time="0.3042" asserts="0" description="/home/skills/source/PwshXDRSpectre/src/Tests/Get-XdrLiveHeaderPanel.Tests.ps1">
        <results>
          <test-suite type="TestFixture" name="Get-XdrLiveHeaderPanel" executed="True" result="Success" success="True" time="0.2156" asserts="0" description="Get-XdrLiveHeaderPanel">
            <results>
              <test-case description="falls back to standard panel when figlet render fails" name="Get-XdrLiveHeaderPanel.falls back to standard panel when figlet render fails" time="0.2039" asserts="0" success="True" result="Success" executed="True" />
            </results>
          </test-suite>
        </results>
      </test-suite>
      <test-suite type="TestFixture" name="/home/skills/source/PwshXDRSpectre/src/Tests/Get-XdrLiveHelpPanelContent.Tests.ps1" executed="True" result="Success" success="True" time="0.4546" asserts="0" description="/home/skills/source/PwshXDRSpectre/src/Tests/Get-XdrLiveHelpPanelContent.Tests.ps1">
        <results>
          <test-suite type="TestFixture" name="Get-XdrLiveHelpPanelContent" executed="True" result="Success" success="True" time="0.323" asserts="0" description="Get-XdrLiveHelpPanelContent">
            <results>
              <test-case description="renders text input mode content" name="Get-XdrLiveHelpPanelContent.renders text input mode content" time="0.095" asserts="0" success="True" result="Success" executed="True" />
              <test-case description="renders status and prefetch line when available" name="Get-XdrLiveHelpPanelContent.renders status and prefetch line when available" time="0.2108" asserts="0" success="True" result="Success" executed="True" />
            </results>
          </test-suite>
        </results>
      </test-suite>
      <test-suite type="TestFixture" name="/home/skills/source/PwshXDRSpectre/src/Tests/Get-XdrTriageOptions.Tests.ps1" executed="True" result="Success" success="True" time="0.438" asserts="0" description="/home/skills/source/PwshXDRSpectre/src/Tests/Get-XdrTriageOptions.Tests.ps1">
        <results>
          <test-suite type="TestFixture" name="Get-XdrTriageOptions" executed="True" result="Success" success="True" time="0.2395" asserts="0" description="Get-XdrTriageOptions">
            <results>
              <test-suite type="TestFixture" name="Get-XdrTriageOptions.comment-based help" executed="True" result="Success" success="True" time="0.2217" asserts="0" description="Get-XdrTriageOptions.comment-based help">
                <results>
                  <test-case description="has a Synopsis" name="Get-XdrTriageOptions.comment-based help.has a Synopsis" time="0.0928" asserts="0" success="True" result="Success" executed="True" />
                  <test-case description="has a Description" name="Get-XdrTriageOptions.comment-based help.has a Description" time="0.1093" asserts="0" success="True" result="Success" executed="True" />
                </results>
              </test-suite>
            </results>
          </test-suite>
        </results>
      </test-suite>
      <test-suite type="TestFixture" name="/home/skills/source/PwshXDRSpectre/src/Tests/Get-XdrTriagePolicy.Tests.ps1" executed="True" result="Success" success="True" time="0.5601" asserts="0" description="/home/skills/source/PwshXDRSpectre/src/Tests/Get-XdrTriagePolicy.Tests.ps1">
        <results>
          <test-suite type="TestFixture" name="Get-XdrTriagePolicy" executed="True" result="Success" success="True" time="0.409" asserts="0" description="Get-XdrTriagePolicy">
            <results>
              <test-case description="loads the default triage policy" name="Get-XdrTriagePolicy.loads the default triage policy" time="0.1336" asserts="0" success="True" result="Success" executed="True" />
              <test-case description="rejects policy files with unknown safety actions" name="Get-XdrTriagePolicy.rejects policy files with unknown safety actions" time="0.2449" asserts="0" success="True" result="Success" executed="True" />
            </results>
          </test-suite>
        </results>
      </test-suite>
      <test-suite type="TestFixture" name="/home/skills/source/PwshXDRSpectre/src/Tests/Invoke-XdrLiveActionShortcut.Tests.ps1" executed="True" result="Success" success="True" time="0.4681" asserts="0" description="/home/skills/source/PwshXDRSpectre/src/Tests/Invoke-XdrLiveActionShortcut.Tests.ps1">
        <results>
          <test-suite type="TestFixture" name="Invoke-XdrLiveActionShortcut" executed="True" result="Success" success="True" time="0.2777" asserts="0" description="Invoke-XdrLiveActionShortcut">
            <results>
              <test-case description="shows warning when load-alert shortcut is used with no selected incident" name="Invoke-XdrLiveActionShortcut.shows warning when load-alert shortcut is used with no selected incident" time="0.2432" asserts="0" success="True" result="Success" executed="True" />
            </results>
          </test-suite>
        </results>
      </test-suite>
      <test-suite type="TestFixture" name="/home/skills/source/PwshXDRSpectre/src/Tests/Invoke-XdrLiveAlertLoadJobProcessing.Tests.ps1" executed="True" result="Success" success="True" time="1.9031" asserts="0" description="/home/skills/source/PwshXDRSpectre/src/Tests/Invoke-XdrLiveAlertLoadJobProcessing.Tests.ps1">
        <results>
          <test-suite type="TestFixture" name="Invoke-XdrLiveAlertLoadJobProcessing" executed="True" result="Success" success="True" time="1.7745" asserts="0" description="Invoke-XdrLiveAlertLoadJobProcessing">
            <results>
              <test-case description="stores loaded alerts and clears completed job entry" name="Invoke-XdrLiveAlertLoadJobProcessing.stores loaded alerts and clears completed job entry" time="1.7577" asserts="0" success="True" result="Success" executed="True" />
            </results>
          </test-suite>
        </results>
      </test-suite>
      <test-suite type="TestFixture" name="/home/skills/source/PwshXDRSpectre/src/Tests/Invoke-XdrOperation.Tests.ps1" executed="True" result="Success" success="True" time="0.2953" asserts="0" description="/home/skills/source/PwshXDRSpectre/src/Tests/Invoke-XdrOperation.Tests.ps1">
        <results>
          <test-suite type="TestFixture" name="Invoke-XdrOperation" executed="True" result="Success" success="True" time="0.2005" asserts="0" description="Invoke-XdrOperation">
            <results>
              <test-case description="returns success envelope for successful script block" name="Invoke-XdrOperation.returns success envelope for successful script block" time="0.0392" asserts="0" success="True" result="Success" executed="True" />
              <test-case description="returns failure envelope when script block throws" name="Invoke-XdrOperation.returns failure envelope when script block throws" time="0.086" asserts="0" success="True" result="Success" executed="True" />
              <test-case description="captures missing Graph permissions and disables write capabilities" name="Invoke-XdrOperation.captures missing Graph permissions and disables write capabilities" time="0.0658" asserts="0" success="True" result="Success" executed="True" />
            </results>
          </test-suite>
        </results>
      </test-suite>
      <test-suite type="TestFixture" name="/home/skills/source/PwshXDRSpectre/src/Tests/New-ActionStateLine.Tests.ps1" executed="True" result="Success" success="True" time="0.1712" asserts="0" description="/home/skills/source/PwshXDRSpectre/src/Tests/New-ActionStateLine.Tests.ps1">
        <results>
          <test-suite type="TestFixture" name="New-ActionStateLine" executed="True" result="Success" success="True" time="0.0682" asserts="0" description="New-ActionStateLine">
            <results>
              <test-case description="returns label unchanged when no reasons are supplied" name="New-ActionStateLine.returns label unchanged when no reasons are supplied" time="0.0292" asserts="0" success="True" result="Success" executed="True" />
              <test-case description="marks the shortcut as unavailable when reasons exist" name="New-ActionStateLine.marks the shortcut as unavailable when reasons exist" time="0.0302" asserts="0" success="True" result="Success" executed="True" />
            </results>
          </test-suite>
        </results>
      </test-suite>
      <test-suite type="TestFixture" name="/home/skills/source/PwshXDRSpectre/src/Tests/New-XdrErrorRecord.Tests.ps1" executed="True" result="Ignored" success="True" time="0.0508" asserts="0" description="/home/skills/source/PwshXDRSpectre/src/Tests/New-XdrErrorRecord.Tests.ps1">
        <results>
          <test-suite type="TestFixture" name="New-XdrErrorRecord" executed="True" result="Ignored" success="True" time="0.0153" asserts="0" description="New-XdrErrorRecord">
            <results>
              <test-case description="has dedicated coverage placeholder" name="New-XdrErrorRecord.has dedicated coverage placeholder" time="0.007" asserts="0" success="False" result="Ignored" executed="False" />
            </results>
          </test-suite>
        </results>
      </test-suite>
      <test-suite type="TestFixture" name="/home/skills/source/PwshXDRSpectre/src/Tests/New-XdrRuntimeContext.Tests.ps1" executed="True" result="Success" success="True" time="0.1447" asserts="0" description="/home/skills/source/PwshXDRSpectre/src/Tests/New-XdrRuntimeContext.Tests.ps1">
        <results>
          <test-suite type="TestFixture" name="New-XdrRuntimeContext" executed="True" result="Success" success="True" time="0.0612" asserts="0" description="New-XdrRuntimeContext">
            <results>
              <test-case description="returns expected default structure" name="New-XdrRuntimeContext.returns expected default structure" time="0.0495" asserts="0" success="True" result="Success" executed="True" />
            </results>
          </test-suite>
        </results>
      </test-suite>
      <test-suite type="TestFixture" name="/home/skills/source/PwshXDRSpectre/src/Tests/Resolve-XdrGraphEnumValue.Tests.ps1" executed="True" result="Success" success="True" time="0.2259" asserts="0" description="/home/skills/source/PwshXDRSpectre/src/Tests/Resolve-XdrGraphEnumValue.Tests.ps1">
        <results>
          <test-suite type="TestFixture" name="Resolve-XdrGraphEnumValue" executed="True" result="Success" success="True" time="0.1263" asserts="0" description="Resolve-XdrGraphEnumValue">
            <results>
              <test-case description="resolves incident status display values to graph values" name="Resolve-XdrGraphEnumValue.resolves incident status display values to graph values" time="0.1044" asserts="0" success="True" result="Success" executed="True" />
            </results>
          </test-suite>
        </results>
      </test-suite>
      <test-suite type="TestFixture" name="/home/skills/source/PwshXDRSpectre/src/Tests/Restore-XdrLiveCachedAlertsForIncident.Tests.ps1" executed="True" result="Success" success="True" time="0.2056" asserts="0" description="/home/skills/source/PwshXDRSpectre/src/Tests/Restore-XdrLiveCachedAlertsForIncident.Tests.ps1">
        <results>
          <test-suite type="TestFixture" name="Restore-XdrLiveCachedAlertsForIncident" executed="True" result="Success" success="True" time="0.0995" asserts="0" description="Restore-XdrLiveCachedAlertsForIncident">
            <results>
              <test-case description="restores cached alerts and selected alert reference" name="Restore-XdrLiveCachedAlertsForIncident.restores cached alerts and selected alert reference" time="0.0733" asserts="0" success="True" result="Success" executed="True" />
            </results>
          </test-suite>
        </results>
      </test-suite>
      <test-suite type="TestFixture" name="/home/skills/source/PwshXDRSpectre/src/Tests/Set-LiveStatusMessage.Tests.ps1" executed="True" result="Success" success="True" time="0.2074" asserts="0" description="/home/skills/source/PwshXDRSpectre/src/Tests/Set-LiveStatusMessage.Tests.ps1">
        <results>
          <test-suite type="TestFixture" name="Set-LiveStatusMessage" executed="True" result="Success" success="True" time="0.0893" asserts="0" description="Set-LiveStatusMessage">
            <results>
              <test-case description="writes prefixed message and notification timestamp" name="Set-LiveStatusMessage.writes prefixed message and notification timestamp" time="0.0781" asserts="0" success="True" result="Success" executed="True" />
            </results>
          </test-suite>
        </results>
      </test-suite>
      <test-suite type="TestFixture" name="/home/skills/source/PwshXDRSpectre/src/Tests/Set-StatusFromResult.Tests.ps1" executed="True" result="Success" success="True" time="0.1748" asserts="0" description="/home/skills/source/PwshXDRSpectre/src/Tests/Set-StatusFromResult.Tests.ps1">
        <results>
          <test-suite type="TestFixture" name="Set-StatusFromResult" executed="True" result="Success" success="True" time="0.0894" asserts="0" description="Set-StatusFromResult">
            <results>
              <test-case description="uses warning level when confirmation is required" name="Set-StatusFromResult.uses warning level when confirmation is required" time="0.0798" asserts="0" success="True" result="Success" executed="True" />
            </results>
          </test-suite>
        </results>
      </test-suite>
      <test-suite type="TestFixture" name="/home/skills/source/PwshXDRSpectre/src/Tests/Set-XdrAlertStatus.Tests.ps1" executed="True" result="Success" success="True" time="6.4026" asserts="0" description="/home/skills/source/PwshXDRSpectre/src/Tests/Set-XdrAlertStatus.Tests.ps1">
        <results>
          <test-suite type="TestFixture" name="Set-XdrAlertStatus" executed="True" result="Success" success="True" time="6.2437" asserts="0" description="Set-XdrAlertStatus">
            <results>
              <test-suite type="TestFixture" name="Set-XdrAlertStatus.comment-based help" executed="True" result="Success" success="True" time="6.235" asserts="0" description="Set-XdrAlertStatus.comment-based help">
                <results>
                  <test-case description="has a Synopsis" name="Set-XdrAlertStatus.comment-based help.has a Synopsis" time="0.0522" asserts="0" success="True" result="Success" executed="True" />
                  <test-case description="has a Description" name="Set-XdrAlertStatus.comment-based help.has a Description" time="0.0541" asserts="0" success="True" result="Success" executed="True" />
                </results>
              </test-suite>
              <test-case description="builds proper alert payload for each supported status" name="Set-XdrAlertStatus.builds proper alert payload for each supported status" time="5.7719" asserts="0" success="True" result="Success" executed="True" />
              <test-case description="builds payload for in progress alert updates" name="Set-XdrAlertStatus.builds payload for in progress alert updates" time="0.099" asserts="0" success="True" result="Success" executed="True" />
              <test-case description="requires confirmation for reopening an alert to new" name="Set-XdrAlertStatus.requires confirmation for reopening an alert to new" time="0.0527" asserts="0" success="True" result="Success" executed="True" />
              <test-case description="fails closed when alert capability is missing" name="Set-XdrAlertStatus.fails closed when alert capability is missing" time="0.0541" asserts="0" success="True" result="Success" executed="True" />
              <test-case description="fails closed for invalid alert status policy values before Graph mutation" name="Set-XdrAlertStatus.fails closed for invalid alert status policy values before Graph mutation" time="0.1393" asserts="0" success="True" result="Success" executed="True" />
            </results>
          </test-suite>
        </results>
      </test-suite>
      <test-suite type="TestFixture" name="/home/skills/source/PwshXDRSpectre/src/Tests/Set-XdrIncidentAssignment.Tests.ps1" executed="True" result="Success" success="True" time="0.2545" asserts="0" description="/home/skills/source/PwshXDRSpectre/src/Tests/Set-XdrIncidentAssignment.Tests.ps1">
        <results>
          <test-suite type="TestFixture" name="Set-XdrIncidentAssignment" executed="True" result="Success" success="True" time="0.1402" asserts="0" description="Set-XdrIncidentAssignment">
            <results>
              <test-suite type="TestFixture" name="Set-XdrIncidentAssignment.comment-based help" executed="True" result="Success" success="True" time="0.1292" asserts="0" description="Set-XdrIncidentAssignment.comment-based help">
                <results>
                  <test-case description="has a Synopsis" name="Set-XdrIncidentAssignment.comment-based help.has a Synopsis" time="0.0564" asserts="0" success="True" result="Success" executed="True" />
                  <test-case description="has a Description" name="Set-XdrIncidentAssignment.comment-based help.has a Description" time="0.0542" asserts="0" success="True" result="Success" executed="True" />
                </results>
              </test-suite>
            </results>
          </test-suite>
        </results>
      </test-suite>
      <test-suite type="TestFixture" name="/home/skills/source/PwshXDRSpectre/src/Tests/Set-XdrIncidentTriage.Tests.ps1" executed="True" result="Success" success="True" time="1.3557" asserts="0" description="/home/skills/source/PwshXDRSpectre/src/Tests/Set-XdrIncidentTriage.Tests.ps1">
        <results>
          <test-suite type="TestFixture" name="Set-XdrIncidentTriage" executed="True" result="Success" success="True" time="1.2051" asserts="0" description="Set-XdrIncidentTriage">
            <results>
              <test-suite type="TestFixture" name="Set-XdrIncidentTriage.comment-based help" executed="True" result="Success" success="True" time="1.1917" asserts="0" description="Set-XdrIncidentTriage.comment-based help">
                <results>
                  <test-case description="has a Synopsis" name="Set-XdrIncidentTriage.comment-based help.has a Synopsis" time="0.0703" asserts="0" success="True" result="Success" executed="True" />
                  <test-case description="has a Description" name="Set-XdrIncidentTriage.comment-based help.has a Description" time="0.0765" asserts="0" success="True" result="Success" executed="True" />
                </results>
              </test-suite>
              <test-case description="builds proper incident payload for each supported status" name="Set-XdrIncidentTriage.builds proper incident payload for each supported status" time="0.2456" asserts="0" success="True" result="Success" executed="True" />
              <test-case description="builds status payload for in progress updates" name="Set-XdrIncidentTriage.builds status payload for in progress updates" time="0.0786" asserts="0" success="True" result="Success" executed="True" />
              <test-case description="auto-fills resolving comment when resolving without a comment" name="Set-XdrIncidentTriage.auto-fills resolving comment when resolving without a comment" time="0.0805" asserts="0" success="True" result="Success" executed="True" />
              <test-case description="uses analyst identity in auto-filled resolving comment when available" name="Set-XdrIncidentTriage.uses analyst identity in auto-filled resolving comment when available" time="0.1052" asserts="0" success="True" result="Success" executed="True" />
              <test-case description="posts a normal incident comment using the incident comments endpoint" name="Set-XdrIncidentTriage.posts a normal incident comment using the incident comments endpoint" time="0.1664" asserts="0" success="True" result="Success" executed="True" />
              <test-case description="requires confirmation for resolved incident status when not skipped" name="Set-XdrIncidentTriage.requires confirmation for resolved incident status when not skipped" time="0.0514" asserts="0" success="True" result="Success" executed="True" />
              <test-case description="adds ResolvingComment to selected incident when property is missing" name="Set-XdrIncidentTriage.adds ResolvingComment to selected incident when property is missing" time="0.09" asserts="0" success="True" result="Success" executed="True" />
              <test-case description="uses mail then user principal name when assigning to me" name="Set-XdrIncidentTriage.uses mail then user principal name when assigning to me" time="0.0801" asserts="0" success="True" result="Success" executed="True" />
              <test-case description="fails closed when incident status capability is missing" name="Set-XdrIncidentTriage.fails closed when incident status capability is missing" time="0.0484" asserts="0" success="True" result="Success" executed="True" />
              <test-case description="fails closed for invalid incident status policy values before Graph mutation" name="Set-XdrIncidentTriage.fails closed for invalid incident status policy values before Graph mutation" time="0.0822" asserts="0" success="True" result="Success" executed="True" />
            </results>
          </test-suite>
        </results>
      </test-suite>
      <test-suite type="TestFixture" name="/home/skills/source/PwshXDRSpectre/src/Tests/Start-PwshXdrLiveDashboard.Tests.ps1" executed="True" result="Success" success="True" time="0.5329" asserts="0" description="/home/skills/source/PwshXDRSpectre/src/Tests/Start-PwshXdrLiveDashboard.Tests.ps1">
        <results>
          <test-suite type="TestFixture" name="Start-PwshXdrLiveDashboard wiring" executed="True" result="Success" success="True" time="0.3929" asserts="0" description="Start-PwshXdrLiveDashboard wiring">
            <results>
              <test-suite type="TestFixture" name="Start-PwshXdrLiveDashboard wiring.comment-based help" executed="True" result="Success" success="True" time="0.3844" asserts="0" description="Start-PwshXdrLiveDashboard wiring.comment-based help">
                <results>
                  <test-case description="has a Synopsis" name="Start-PwshXdrLiveDashboard wiring.comment-based help.has a Synopsis" time="0.1001" asserts="0" success="True" result="Success" executed="True" />
                  <test-case description="has a Description" name="Start-PwshXdrLiveDashboard wiring.comment-based help.has a Description" time="0.0982" asserts="0" success="True" result="Success" executed="True" />
                </results>
              </test-suite>
              <test-case description="does not call Graph mutation cmdlets directly" name="Start-PwshXdrLiveDashboard wiring.does not call Graph mutation cmdlets directly" time="0.0251" asserts="0" success="True" result="Success" executed="True" />
              <test-case description="recomputes disabled reasons for incident and alert actions in render flow" name="Start-PwshXdrLiveDashboard wiring.recomputes disabled reasons for incident and alert actions in render flow" time="0.0405" asserts="0" success="True" result="Success" executed="True" />
              <test-case description="does not expose PanelFocus in incident or alert detail JSON payloads" name="Start-PwshXdrLiveDashboard wiring.does not expose PanelFocus in incident or alert detail JSON payloads" time="0.0142" asserts="0" success="True" result="Success" executed="True" />
              <test-case description="includes incident tags and classification metadata in the incident details payload" name="Start-PwshXdrLiveDashboard wiring.includes incident tags and classification metadata in the incident details payload" time="0.0257" asserts="0" success="True" result="Success" executed="True" />
              <test-case description="renders incident list entries with severity badge and incident id" name="Start-PwshXdrLiveDashboard wiring.renders incident list entries with severity badge and incident id" time="0.0353" asserts="0" success="True" result="Success" executed="True" />
              <test-case description="renders alert list entries with severity badge incident-style columns and status" name="Start-PwshXdrLiveDashboard wiring.renders alert list entries with severity badge incident-style columns and status" time="0.0307" asserts="0" success="True" result="Success" executed="True" />
            </results>
          </test-suite>
        </results>
      </test-suite>
      <test-suite type="TestFixture" name="/home/skills/source/PwshXDRSpectre/src/Tests/Start-XdrLiveAlertLoadJob.Tests.ps1" executed="True" result="Success" success="True" time="0.2324" asserts="0" description="/home/skills/source/PwshXDRSpectre/src/Tests/Start-XdrLiveAlertLoadJob.Tests.ps1">
        <results>
          <test-suite type="TestFixture" name="Start-XdrLiveAlertLoadJob" executed="True" result="Success" success="True" time="0.1554" asserts="0" description="Start-XdrLiveAlertLoadJob">
            <results>
              <test-case description="returns false when incident id is missing" name="Start-XdrLiveAlertLoadJob.returns false when incident id is missing" time="0.0289" asserts="0" success="True" result="Success" executed="True" />
              <test-case description="starts a thread job for a valid incident" name="Start-XdrLiveAlertLoadJob.starts a thread job for a valid incident" time="0.1183" asserts="0" success="True" result="Success" executed="True" />
            </results>
          </test-suite>
        </results>
      </test-suite>
      <test-suite type="TestFixture" name="/home/skills/source/PwshXDRSpectre/src/Tests/Start-XdrLiveQueuedAlertPreloads.Tests.ps1" executed="True" result="Success" success="True" time="0.2161" asserts="0" description="/home/skills/source/PwshXDRSpectre/src/Tests/Start-XdrLiveQueuedAlertPreloads.Tests.ps1">
        <results>
          <test-suite type="TestFixture" name="Start-XdrLiveQueuedAlertPreloads" executed="True" result="Success" success="True" time="0.105" asserts="0" description="Start-XdrLiveQueuedAlertPreloads">
            <results>
              <test-case description="dequeues and starts jobs up to max concurrency" name="Start-XdrLiveQueuedAlertPreloads.dequeues and starts jobs up to max concurrency" time="0.0942" asserts="0" success="True" result="Success" executed="True" />
            </results>
          </test-suite>
        </results>
      </test-suite>
      <test-suite type="TestFixture" name="/home/skills/source/PwshXDRSpectre/src/Tests/Test-XdrActionSafetyPolicy.Tests.ps1" executed="True" result="Success" success="True" time="0.1807" asserts="0" description="/home/skills/source/PwshXDRSpectre/src/Tests/Test-XdrActionSafetyPolicy.Tests.ps1">
        <results>
          <test-suite type="TestFixture" name="Test-XdrActionSafetyPolicy" executed="True" result="Success" success="True" time="0.0927" asserts="0" description="Test-XdrActionSafetyPolicy">
            <results>
              <test-case description="flags confirm-required actions from the safety policy" name="Test-XdrActionSafetyPolicy.flags confirm-required actions from the safety policy" time="0.0812" asserts="0" success="True" result="Success" executed="True" />
            </results>
          </test-suite>
        </results>
      </test-suite>
      <test-suite type="TestFixture" name="/home/skills/source/PwshXDRSpectre/src/Tests/Test-XdrCapability.Tests.ps1" executed="True" result="Success" success="True" time="0.1961" asserts="0" description="/home/skills/source/PwshXDRSpectre/src/Tests/Test-XdrCapability.Tests.ps1">
        <results>
          <test-suite type="TestFixture" name="Test-XdrCapability" executed="True" result="Success" success="True" time="0.09" asserts="0" description="Test-XdrCapability">
            <results>
              <test-case description="fails closed when context is missing" name="Test-XdrCapability.fails closed when context is missing" time="0.0224" asserts="0" success="True" result="Success" executed="True" />
              <test-case description="throws when ThrowOnUnknown is set and context is missing" name="Test-XdrCapability.throws when ThrowOnUnknown is set and context is missing" time="0.0316" asserts="0" success="True" result="Success" executed="True" />
              <test-case description="returns true when capability exists" name="Test-XdrCapability.returns true when capability exists" time="0.0243" asserts="0" success="True" result="Success" executed="True" />
            </results>
          </test-suite>
        </results>
      </test-suite>
      <test-suite type="TestFixture" name="/home/skills/source/PwshXDRSpectre/src/Tests/Test-XdrTriageValue.Tests.ps1" executed="True" result="Success" success="True" time="0.1402" asserts="0" description="/home/skills/source/PwshXDRSpectre/src/Tests/Test-XdrTriageValue.Tests.ps1">
        <results>
          <test-suite type="TestFixture" name="Test-XdrTriageValue" executed="True" result="Success" success="True" time="0.0612" asserts="0" description="Test-XdrTriageValue">
            <results>
              <test-case description="returns true when triage value exists" name="Test-XdrTriageValue.returns true when triage value exists" time="0.0512" asserts="0" success="True" result="Success" executed="True" />
            </results>
          </test-suite>
        </results>
      </test-suite>
    </results>
  </test-suite>
</test-results>